<?xml version="1.0" encoding="utf-8"?><testsuites name="pytest tests"><testsuite name="pytest" errors="0" failures="0" skipped="0" tests="17" time="17.161" timestamp="2026-05-14T21:36:11.724910+00:00" hostname="agent-env-72cccfa0-2418-4298-8300-871f82f5f3cd"><testcase classname="backend.tests.test_backend" name="test_health" time="0.274" /><testcase classname="backend.tests.test_backend" name="test_dashboard_graceful" time="1.563" /><testcase classname="backend.tests.test_backend" name="test_list_endpoints_no_crash[posts]" time="0.402" /><testcase classname="backend.tests.test_backend" name="test_list_endpoints_no_crash[blogs]" time="0.400" /><testcase classname="backend.tests.test_backend" name="test_list_endpoints_no_crash[reviews]" time="0.445" /><testcase classname="backend.tests.test_backend" name="test_list_endpoints_no_crash[campaigns]" time="0.894" /><testcase classname="backend.tests.test_backend" name="test_list_endpoints_no_crash[integrations]" time="0.405" /><testcase classname="backend.tests.test_backend" name="test_list_endpoints_no_crash[media_library]" time="0.397" /><testcase classname="backend.tests.test_backend" name="test_posts_create_allowed_missing_schema" time="0.409" /><testcase classname="backend.tests.test_backend" name="test_ai_generate_caption" time="6.526" /><testcase classname="backend.tests.test_backend" name="test_ai_generate_review_reply" time="3.321" /><testcase classname="backend.tests.test_backend" name="test_google_oauth_redirect_start" time="0.053" /><testcase classname="backend.tests.test_backend" name="test_facebook_mock_redirect" time="0.057" /><testcase classname="backend.tests.test_backend" name="test_disconnect_facebook" time="1.312" /><testcase classname="backend.tests.test_backend" name="test_disconnect_missing_platform" time="0.055" /><testcase classname="backend.tests.test_backend" name="test_publish_no_id" time="0.058" /><testcase classname="backend.tests.test_backend" name="test_publish_with_id_no_crash" time="0.429" /></testsuite></testsuites>